<?xml version="1.0" encoding="UTF-8"?>
<!-- Generated by org.testng.reporters.JUnitReportReporter -->
<testsuite skipped="0" hostname="TYSS-4F-057" name="scripts.TestLogin" tests="1" failures="0" timestamp="03 Jan 2019 06:25:40 GMT" time="20.233" errors="0">
  <testcase name="test" time="20.233" classname="scripts.TestLogin"/>
</testsuite> <!-- scripts.TestLogin -->
